<?xml version="1.0" encoding="UTF-8"?>
<!-- Generated by org.testng.reporters.JUnitReportReporter -->
<testsuite hostname="DESKTOP-3AVUP2I" failures="0" tests="1" name="com.facebook.generic.HandlingDisabledElement" time="9.063" errors="0" timestamp="2023-08-14T13:12:50 IST" skipped="0">
  <testcase classname="com.facebook.generic.HandlingDisabledElement" name="HandlingDisabledElement" time="9.063"/>
  <system-out/>
</testsuite> <!-- com.facebook.generic.HandlingDisabledElement -->
