<?xml version="1.0" encoding="UTF-8"?>
<!-- Generated by org.testng.reporters.JUnitReportReporter -->
<testsuite hostname="DESKTOP-3AVUP2I" failures="0" tests="1" name="com.facebook.generic.TestMethod" time="15.112" errors="0" timestamp="2023-08-08T15:38:01 IST" skipped="0">
  <testcase classname="com.facebook.generic.TestMethod" name="verifyLogin" time="15.112"/>
  <system-out/>
</testsuite> <!-- com.facebook.generic.TestMethod -->
