<?xml version="1.0" encoding="UTF-8"?>
<!-- Generated by org.testng.reporters.JUnitReportReporter -->
<testsuite hostname="DESKTOP-3AVUP2I" failures="0" tests="1" name="ExampleOnActions" time="16.354" errors="0" timestamp="2023-08-16T13:12:49 IST" skipped="0">
  <testcase classname="ExampleOnActions" name="actionsExample" time="16.354"/>
  <system-out/>
</testsuite> <!-- ExampleOnActions -->
