<?xml version="1.0" encoding="UTF-8"?>
<!-- Generated by org.testng.reporters.JUnitReportReporter -->
<testsuite hostname="DESKTOP-3AVUP2I" failures="0" tests="1" name="workonactions.MouseHoverActions" time="6.020" errors="0" timestamp="2023-08-14T16:13:59 IST" skipped="0">
  <testcase classname="workonactions.MouseHoverActions" name="MouseHoverActions" time="6.020"/>
  <system-out/>
</testsuite> <!-- workonactions.MouseHoverActions -->
