<?xml version="1.0" encoding="UTF-8"?>
<!-- Generated by org.testng.reporters.JUnitReportReporter -->
<testsuite hostname="DESKTOP-3AVUP2I" failures="0" tests="1" name="workonactions.CompositeAction" time="11.819" errors="0" timestamp="2023-08-16T12:03:36 IST" skipped="0">
  <testcase classname="workonactions.CompositeAction" name="compositeAction" time="11.819"/>
  <system-out/>
</testsuite> <!-- workonactions.CompositeAction -->
