<?xml version="1.0" encoding="UTF-8"?>
<!-- Generated by org.testng.reporters.JUnitReportReporter -->
<testsuite hostname="DESKTOP-3AVUP2I" failures="0" tests="1" name="com.facebook.generic.ClosingWindowsUsingCloseMethod" time="18.354" errors="0" timestamp="2023-08-09T12:40:43 IST" skipped="0">
  <testcase classname="com.facebook.generic.ClosingWindowsUsingCloseMethod" name="closingWindowsWithoutUsingQuit" time="18.354"/>
  <system-out/>
</testsuite> <!-- com.facebook.generic.ClosingWindowsUsingCloseMethod -->
